0 info it worked if it ends with ok
1 verbose cli [ '/Users/Youngbye/.nvm/v0.10.32/bin/node',
1 verbose cli   '/Users/Youngbye/.nvm/v0.10.32/bin/npm',
1 verbose cli   'i',
1 verbose cli   'compreesion' ]
2 info using npm@1.4.28
3 info using node@v0.10.32
4 warn package.json haixiu@1.0.0 No repository field.
5 warn package.json path@0.4.9 path is also the name of a node core module.
6 verbose readDependencies using package.json deps
7 verbose cache add [ 'compreesion', null ]
8 verbose cache add name=undefined spec="compreesion" args=["compreesion",null]
9 verbose parsed url { protocol: null,
9 verbose parsed url   slashes: null,
9 verbose parsed url   auth: null,
9 verbose parsed url   host: null,
9 verbose parsed url   port: null,
9 verbose parsed url   hostname: null,
9 verbose parsed url   hash: null,
9 verbose parsed url   search: null,
9 verbose parsed url   query: null,
9 verbose parsed url   pathname: 'compreesion',
9 verbose parsed url   path: 'compreesion',
9 verbose parsed url   href: 'compreesion' }
10 silly lockFile 17753fff-compreesion compreesion
11 verbose lock compreesion /Users/Youngbye/.npm/17753fff-compreesion.lock
12 silly lockFile 17753fff-compreesion compreesion
13 silly lockFile 17753fff-compreesion compreesion
14 verbose addNamed [ 'compreesion', '' ]
15 verbose addNamed [ null, '*' ]
16 silly lockFile 10def7d1-compreesion compreesion@
17 verbose lock compreesion@ /Users/Youngbye/.npm/10def7d1-compreesion.lock
18 silly addNameRange { name: 'compreesion', range: '*', hasData: false }
19 verbose request where is /compreesion
20 verbose request registry https://registry.npmjs.org/
21 verbose request id f623062ae43bfc18
22 verbose url raw /compreesion
23 verbose url resolving [ 'https://registry.npmjs.org/', './compreesion' ]
24 verbose url resolved https://registry.npmjs.org/compreesion
25 verbose request where is https://registry.npmjs.org/compreesion
26 info trying registry request attempt 1 at 16:20:21
27 http GET https://registry.npmjs.org/compreesion
28 http 404 https://registry.npmjs.org/compreesion
29 verbose headers { date: 'Fri, 21 Nov 2014 08:20:22 GMT',
29 verbose headers   server: 'CouchDB/1.5.0 (Erlang OTP/R16B03)',
29 verbose headers   'content-type': 'application/json',
29 verbose headers   'cache-control': 'max-age=0',
29 verbose headers   'content-length': '52',
29 verbose headers   'accept-ranges': 'bytes',
29 verbose headers   via: '1.1 varnish',
29 verbose headers   age: '0',
29 verbose headers   'x-served-by': 'cache-hk93-HKG',
29 verbose headers   'x-cache': 'MISS',
29 verbose headers   'x-cache-hits': '0',
29 verbose headers   'x-timer': 'S1416558022.774951,VS0,VE200',
29 verbose headers   'keep-alive': 'timeout=10, max=50',
29 verbose headers   connection: 'Keep-Alive' }
30 silly registry.get cb [ 404,
30 silly registry.get   { date: 'Fri, 21 Nov 2014 08:20:22 GMT',
30 silly registry.get     server: 'CouchDB/1.5.0 (Erlang OTP/R16B03)',
30 silly registry.get     'content-type': 'application/json',
30 silly registry.get     'cache-control': 'max-age=0',
30 silly registry.get     'content-length': '52',
30 silly registry.get     'accept-ranges': 'bytes',
30 silly registry.get     via: '1.1 varnish',
30 silly registry.get     age: '0',
30 silly registry.get     'x-served-by': 'cache-hk93-HKG',
30 silly registry.get     'x-cache': 'MISS',
30 silly registry.get     'x-cache-hits': '0',
30 silly registry.get     'x-timer': 'S1416558022.774951,VS0,VE200',
30 silly registry.get     'keep-alive': 'timeout=10, max=50',
30 silly registry.get     connection: 'Keep-Alive' } ]
31 silly lockFile 10def7d1-compreesion compreesion@
32 silly lockFile 10def7d1-compreesion compreesion@
33 error 404 404 Not Found: compreesion
33 error 404
33 error 404 'compreesion' is not in the npm registry.
33 error 404 You should bug the author to publish it
33 error 404 It was specified as a dependency of 'haixiu'
33 error 404
33 error 404 Note that you can also install from a
33 error 404 tarball, folder, or http url, or git url.
34 error System Darwin 14.0.0
35 error command "/Users/Youngbye/.nvm/v0.10.32/bin/node" "/Users/Youngbye/.nvm/v0.10.32/bin/npm" "i" "compreesion"
36 error cwd /Users/Youngbye/project/github/haixiu
37 error node -v v0.10.32
38 error npm -v 1.4.28
39 error code E404
40 verbose exit [ 1, true ]
